<?xml version="1.0" encoding="UTF-8"?>
<testsuite xmlns:xsi="http://www.w3.org/2001/XMLSchema-instance" xsi:noNamespaceSchemaLocation="https://maven.apache.org/surefire/maven-surefire-plugin/xsd/surefire-test-report-3.0.xsd" version="3.0" name="com.seuprojeto.locadora.service.ServiceTest" time="3.404" tests="26" errors="0" skipped="0" failures="0">
  <properties>
[...]
</properties>
  <testcase name="testEnviarNotificacaoAtraso" classname="com.seuprojeto.locadora.service.ServiceTest" time="2.076">
    <system-out><![CDATA[Notificação para cliente João: Você possui locações atrasadas. Por favor, regularize.
]]></system-out>
    <system-err><![CDATA[WARNING: A Java agent has been loaded dynamically (C:\Users\Yan\.m2\repository\net\bytebuddy\byte-buddy-agent\1.14.5\byte-buddy-agent-1.14.5.jar)
WARNING: If a serviceability tool is in use, please run with -XX:+EnableDynamicAgentLoading to hide this warning
WARNING: If a serviceability tool is not in use, please run with -Djdk.instrument.traceUsage for more information
WARNING: Dynamic loading of agents will be disallowed by default in a future release
]]></system-err>
  </testcase>
  <testcase name="testEnviarAvisoFuncionario" classname="com.seuprojeto.locadora.service.ServiceTest" time="0.031">
    <system-out><![CDATA[Aviso para funcionários: Aviso importante
]]></system-out>
  </testcase>
  <testcase name="testRegistrarDevolucao_sucesso" classname="com.seuprojeto.locadora.service.ServiceTest" time="0.148"/>
  <testcase name="testRealizarLocacao_filmeNaoEncontrado" classname="com.seuprojeto.locadora.service.ServiceTest" time="0.024"/>
  <testcase name="testListarClientes" classname="com.seuprojeto.locadora.service.ServiceTest" time="0.067"/>
  <testcase name="testBuscarFilmePorIdExistente" classname="com.seuprojeto.locadora.service.ServiceTest" time="0.034"/>
  <testcase name="testFilmesMaisAlugados" classname="com.seuprojeto.locadora.service.ServiceTest" time="0.036"/>
  <testcase name="testCadastrarEListarFilme" classname="com.seuprojeto.locadora.service.ServiceTest" time="0.029"/>
  <testcase name="testBuscarFilmePorIdInexistente" classname="com.seuprojeto.locadora.service.ServiceTest" time="0.024"/>
  <testcase name="testRegistrarDevolucaoLocacaoInexistente" classname="com.seuprojeto.locadora.service.ServiceTest" time="0.029"/>
  <testcase name="testListarLocacoes" classname="com.seuprojeto.locadora.service.ServiceTest" time="0.062"/>
  <testcase name="testCadastrarFilme" classname="com.seuprojeto.locadora.service.ServiceTest" time="0.021"/>
  <testcase name="testRealizarLocacaoClienteInexistente" classname="com.seuprojeto.locadora.service.ServiceTest" time="0.031"/>
  <testcase name="testRealizarLocacao_filmeIndisponivel" classname="com.seuprojeto.locadora.service.ServiceTest" time="0.036"/>
  <testcase name="testRealizarLocacao_sucesso" classname="com.seuprojeto.locadora.service.ServiceTest" time="0.036"/>
  <testcase name="testRegistrarDevolucao_locacaoNaoEncontrada" classname="com.seuprojeto.locadora.service.ServiceTest" time="0.036"/>
  <testcase name="testGerarRelatorioPorPeriodo" classname="com.seuprojeto.locadora.service.ServiceTest" time="0.032"/>
  <testcase name="testRealizarLocacaoERegistrarDevolucao" classname="com.seuprojeto.locadora.service.ServiceTest" time="0.092"/>
  <testcase name="testListarFilmesDisponiveis" classname="com.seuprojeto.locadora.service.ServiceTest" time="0.027"/>
  <testcase name="testEnviarNotificacaoPromocao" classname="com.seuprojeto.locadora.service.ServiceTest" time="0.023">
    <system-out><![CDATA[Notificação para cliente Maria: Promoção especial! Promoção 50% OFF
]]></system-out>
  </testcase>
  <testcase name="testCadastrarClienteSemEndereco" classname="com.seuprojeto.locadora.service.ServiceTest" time="0.031"/>
  <testcase name="testRealizarLocacaoFilmeSemEstoque" classname="com.seuprojeto.locadora.service.ServiceTest" time="0.039"/>
  <testcase name="testRealizarLocacaoFilmeInexistente" classname="com.seuprojeto.locadora.service.ServiceTest" time="0.024"/>
  <testcase name="testDeletarFilme" classname="com.seuprojeto.locadora.service.ServiceTest" time="0.025"/>
  <testcase name="testCadastrarEBuscarCliente" classname="com.seuprojeto.locadora.service.ServiceTest" time="0.02"/>
  <testcase name="testAtualizarFilme" classname="com.seuprojeto.locadora.service.ServiceTest" time="0.023"/>
</testsuite>