<?xml version="1.0" encoding="UTF-8"?>
<testsuite xmlns:xsi="http://www.w3.org/2001/XMLSchema-instance" xsi:noNamespaceSchemaLocation="https://maven.apache.org/surefire/maven-surefire-plugin/xsd/surefire-test-report-3.0.xsd" version="3.0" name="com.seuprojeto.locadora.ui.ValidadorEntradaTest" time="0.309" tests="12" errors="0" skipped="0" failures="0">
  <properties>
[...]
</properties>
  <testcase name="validarEntradaData_DeveAceitarDatasNosLimites" classname="com.seuprojeto.locadora.ui.ValidadorEntradaTest" time="0.01">
    <system-out><![CDATA[Digite data 1: Digite data 2: ]]></system-out>
  </testcase>
  <testcase name="validarEntradaTexto_DeveRejeitarEntradaVaziaEAceitarTexto" classname="com.seuprojeto.locadora.ui.ValidadorEntradaTest" time="0.003">
    <system-out><![CDATA[Digite algo: O campo é obrigatório. Por favor, insira um valor válido.
Digite algo: O campo é obrigatório. Por favor, insira um valor válido.
Digite algo: ]]></system-out>
  </testcase>
  <testcase name="validarAnoLancamento_DeveAceitarAnoDentroDoIntervalo" classname="com.seuprojeto.locadora.ui.ValidadorEntradaTest" time="0.005">
    <system-out><![CDATA[Digite ano: Ano fora do intervalo permitido (1900-2100). Por favor, insira um ano válido.
Digite ano: ]]></system-out>
  </testcase>
  <testcase name="validarEntradaData_DeveRejeitarFormatoIncorreto" classname="com.seuprojeto.locadora.ui.ValidadorEntradaTest" time="0.002">
    <system-out><![CDATA[Digite uma data: Ano fora do intervalo permitido (1900-2100). Por favor, insira uma data válida.
Digite uma data: ]]></system-out>
  </testcase>
  <testcase name="validarEntradaTexto_DeveRejeitarApenasEspacos" classname="com.seuprojeto.locadora.ui.ValidadorEntradaTest" time="0.003">
    <system-out><![CDATA[Digite algo: O campo é obrigatório. Por favor, insira um valor válido.
Digite algo: O campo é obrigatório. Por favor, insira um valor válido.
Digite algo: ]]></system-out>
  </testcase>
  <testcase name="testValidarEntradaTexto_comValorVazio_retornaValido" classname="com.seuprojeto.locadora.ui.ValidadorEntradaTest" time="0.241">
    <system-out><![CDATA[Mensagem: O campo é obrigatório. Por favor, insira um valor válido.
Mensagem: O campo é obrigatório. Por favor, insira um valor válido.
Mensagem: ]]></system-out>
  </testcase>
  <testcase name="validarEntradaNumerica_DeveRejeitarStringsAntesDoNumero" classname="com.seuprojeto.locadora.ui.ValidadorEntradaTest" time="0.002">
    <system-out><![CDATA[Digite um número: A entrada deve ser um número. Por favor, tente novamente.
Digite um número: A entrada deve ser um número. Por favor, tente novamente.
Digite um número: ]]></system-out>
  </testcase>
  <testcase name="validarEntradaNumerica_DeveAceitarApenasNumero" classname="com.seuprojeto.locadora.ui.ValidadorEntradaTest" time="0.001">
    <system-out><![CDATA[Digite um número: A entrada deve ser um número. Por favor, tente novamente.
Digite um número: ]]></system-out>
  </testcase>
  <testcase name="validarAnoLancamento_DeveRejeitarAnoInvalidoEEntradaTexto" classname="com.seuprojeto.locadora.ui.ValidadorEntradaTest" time="0.002">
    <system-out><![CDATA[Digite ano: Ano fora do intervalo permitido (1900-2100). Por favor, insira um ano válido.
Digite ano: A entrada deve ser um número. Por favor, tente novamente.
Digite ano: ]]></system-out>
  </testcase>
  <testcase name="validarEntradaNumerica_DeveAceitarNumeroNegativo" classname="com.seuprojeto.locadora.ui.ValidadorEntradaTest" time="0.003">
    <system-out><![CDATA[Digite um número: ]]></system-out>
  </testcase>
  <testcase name="testListarFilmes_mostraMensagemQuandoListaVazia" classname="com.seuprojeto.locadora.ui.ValidadorEntradaTest" time="0.016"/>
  <testcase name="validarEntradaData_DeveAceitarDataValida" classname="com.seuprojeto.locadora.ui.ValidadorEntradaTest" time="0.005"/>
</testsuite>